Determining if the pthread_create exist failed with the following output:
Change Dir: /home/ksp/test1/build/CMakeFiles/CMakeTmp

Run Build Command:"/usr/bin/make" "cmTC_78175/fast"
/usr/bin/make -f CMakeFiles/cmTC_78175.dir/build.make CMakeFiles/cmTC_78175.dir/build
make[1]: Entering directory '/home/ksp/test1/build/CMakeFiles/CMakeTmp'
Building C object CMakeFiles/cmTC_78175.dir/CheckSymbolExists.c.o
/usr/bin/cc    -o CMakeFiles/cmTC_78175.dir/CheckSymbolExists.c.o   -c /home/ksp/test1/build/CMakeFiles/CMakeTmp/CheckSymbolExists.c
Linking C executable cmTC_78175
/usr/bin/cmake -E cmake_link_script CMakeFiles/cmTC_78175.dir/link.txt --verbose=1
/usr/bin/cc      -rdynamic CMakeFiles/cmTC_78175.dir/CheckSymbolExists.c.o  -o cmTC_78175 
CMakeFiles/cmTC_78175.dir/CheckSymbolExists.c.o: In function `main':
CheckSymbolExists.c:(.text+0x1b): undefined reference to `pthread_create'
collect2: error: ld returned 1 exit status
CMakeFiles/cmTC_78175.dir/build.make:97: recipe for target 'cmTC_78175' failed
make[1]: *** [cmTC_78175] Error 1
make[1]: Leaving directory '/home/ksp/test1/build/CMakeFiles/CMakeTmp'
Makefile:126: recipe for target 'cmTC_78175/fast' failed
make: *** [cmTC_78175/fast] Error 2

File /home/ksp/test1/build/CMakeFiles/CMakeTmp/CheckSymbolExists.c:
/* */
#include <pthread.h>

int main(int argc, char** argv)
{
  (void)argv;
#ifndef pthread_create
  return ((int*)(&pthread_create))[argc];
#else
  (void)argc;
  return 0;
#endif
}

Determining if the function pthread_create exists in the pthreads failed with the following output:
Change Dir: /home/ksp/test1/build/CMakeFiles/CMakeTmp

Run Build Command:"/usr/bin/make" "cmTC_d38cd/fast"
/usr/bin/make -f CMakeFiles/cmTC_d38cd.dir/build.make CMakeFiles/cmTC_d38cd.dir/build
make[1]: Entering directory '/home/ksp/test1/build/CMakeFiles/CMakeTmp'
Building C object CMakeFiles/cmTC_d38cd.dir/CheckFunctionExists.c.o
/usr/bin/cc   -DCHECK_FUNCTION_EXISTS=pthread_create   -o CMakeFiles/cmTC_d38cd.dir/CheckFunctionExists.c.o   -c /usr/share/cmake-3.10/Modules/CheckFunctionExists.c
Linking C executable cmTC_d38cd
/usr/bin/cmake -E cmake_link_script CMakeFiles/cmTC_d38cd.dir/link.txt --verbose=1
/usr/bin/cc  -DCHECK_FUNCTION_EXISTS=pthread_create    -rdynamic CMakeFiles/cmTC_d38cd.dir/CheckFunctionExists.c.o  -o cmTC_d38cd -lpthreads 
/usr/bin/ld: cannot find -lpthreads
collect2: error: ld returned 1 exit status
CMakeFiles/cmTC_d38cd.dir/build.make:97: recipe for target 'cmTC_d38cd' failed
make[1]: *** [cmTC_d38cd] Error 1
make[1]: Leaving directory '/home/ksp/test1/build/CMakeFiles/CMakeTmp'
Makefile:126: recipe for target 'cmTC_d38cd/fast' failed
make: *** [cmTC_d38cd/fast] Error 2


